#
# There is insufficient memory for the Java Runtime Environment to continue.
# Native memory allocation (malloc) failed to allocate 767904 bytes for Chunk::new
# Possible reasons:
#   The system is out of physical RAM or swap space
#   The process is running with CompressedOops enabled, and the Java Heap may be blocking the growth of the native heap
# Possible solutions:
#   Reduce memory load on the system
#   Increase physical memory or swap space
#   Check if swap backing store is full
#   Decrease Java heap size (-Xmx/-Xms)
#   Decrease number of Java threads
#   Decrease Java thread stack sizes (-Xss)
#   Set larger code cache with -XX:ReservedCodeCacheSize=
#   JVM is running with Unscaled Compressed Oops mode in which the Java heap is
#     placed in the first 4GB address space. The Java Heap base address is the
#     maximum limit for the native heap growth. Please use -XX:HeapBaseMinAddress
#     to set the Java Heap base and to place the Java Heap above 4GB virtual address.
# This output file may be truncated or incomplete.
#
#  Out of Memory Error (arena.cpp:168), pid=11700, tid=2056
#
# JRE version: Java(TM) SE Runtime Environment (21.0.3+7) (build 21.0.3+7-LTS-152)
# Java VM: Java HotSpot(TM) 64-Bit Server VM (21.0.3+7-LTS-152, mixed mode, sharing, tiered, compressed oops, compressed class ptrs, g1 gc, windows-amd64)
# No core dump will be written. Minidumps are not enabled by default on client versions of Windows
#

---------------  S U M M A R Y ------------

Command Line: --enable-native-access=ALL-UNNAMED -Dclassworlds.conf=C:\Users\sammy\.m2\wrapper\dists\apache-maven-3.9.11\d6d3cbd4012d4c1d840e93277aca316c\bin\m2.conf -Dmaven.home=C:\Users\sammy\.m2\wrapper\dists\apache-maven-3.9.11\d6d3cbd4012d4c1d840e93277aca316c -Dlibrary.jansi.path=C:\Users\sammy\.m2\wrapper\dists\apache-maven-3.9.11\d6d3cbd4012d4c1d840e93277aca316c\lib\jansi-native -Dmaven.multiModuleProjectDirectory=C:\Spring Boot Projects\Trash2Cash org.codehaus.plexus.classworlds.launcher.Launcher spring-boot:run

Host: Intel(R) Core(TM) i3-1005G1 CPU @ 1.20GHz, 4 cores, 7G,  Windows 11 , 64 bit Build 22621 (10.0.22621.5415)
Time: Wed Sep 17 19:19:13 2025 W. Central Africa Standard Time elapsed time: 4.782546 seconds (0d 0h 0m 4s)

---------------  T H R E A D  ---------------

Current thread (0x00000217462cc2e0):  JavaThread "C2 CompilerThread1" daemon [_thread_in_native, id=2056, stack(0x000000470d000000,0x000000470d100000) (1024K)]


Current CompileTask:
C2:   4782 4191   !   4       org.apache.maven.model.Plugin::clone (204 bytes)

Stack: [0x000000470d000000,0x000000470d100000]
Native frames: (J=compiled Java code, j=interpreted, Vv=VM code, C=native code)
V  [jvm.dll+0x6c63b9]
V  [jvm.dll+0x84fa11]
V  [jvm.dll+0x851f3e]
V  [jvm.dll+0x852613]
V  [jvm.dll+0x27cd46]
V  [jvm.dll+0xc4aad]
V  [jvm.dll+0xc4fe3]
V  [jvm.dll+0x3b1d5c]
V  [jvm.dll+0x37e485]
V  [jvm.dll+0x37d8fa]
V  [jvm.dll+0x245b40]
V  [jvm.dll+0x24511f]
V  [jvm.dll+0x1c689e]
V  [jvm.dll+0x254609]
V  [jvm.dll+0x252b9a]
V  [jvm.dll+0x3eb056]
V  [jvm.dll+0x7f9ffb]
V  [jvm.dll+0x6c4a9d]
C  [ucrtbase.dll+0x29333]
C  [KERNEL32.DLL+0x1259d]
C  [ntdll.dll+0x5af78]


---------------  P R O C E S S  ---------------

Threads class SMR info:
_java_thread_list=0x000002174630fae0, length=13, elements={
0x000002175dbacf60, 0x000002177bd88360, 0x000002177bd89080, 0x000002177bd8f1b0,
0x000002177bd900a0, 0x000002177bd912a0, 0x000002177bd93e40, 0x000002177bd97380,
0x000002177bd9dc00, 0x000002174520c530, 0x000002174520d170, 0x0000021746311300,
0x00000217462cc2e0
}

Java Threads: ( => current thread )
  0x000002175dbacf60 JavaThread "main"                              [_thread_in_native, id=18436, stack(0x000000470ba00000,0x000000470bb00000) (1024K)]
  0x000002177bd88360 JavaThread "Reference Handler"          daemon [_thread_blocked, id=11188, stack(0x000000470c200000,0x000000470c300000) (1024K)]
  0x000002177bd89080 JavaThread "Finalizer"                  daemon [_thread_blocked, id=10016, stack(0x000000470c300000,0x000000470c400000) (1024K)]
  0x000002177bd8f1b0 JavaThread "Signal Dispatcher"          daemon [_thread_blocked, id=5884, stack(0x000000470c400000,0x000000470c500000) (1024K)]
  0x000002177bd900a0 JavaThread "Attach Listener"            daemon [_thread_blocked, id=20468, stack(0x000000470c500000,0x000000470c600000) (1024K)]
  0x000002177bd912a0 JavaThread "Service Thread"             daemon [_thread_blocked, id=17116, stack(0x000000470c600000,0x000000470c700000) (1024K)]
  0x000002177bd93e40 JavaThread "Monitor Deflation Thread"   daemon [_thread_blocked, id=768, stack(0x000000470c700000,0x000000470c800000) (1024K)]
  0x000002177bd97380 JavaThread "C2 CompilerThread0"         daemon [_thread_in_native, id=19500, stack(0x000000470c800000,0x000000470c900000) (1024K)]
  0x000002177bd9dc00 JavaThread "C1 CompilerThread0"         daemon [_thread_blocked, id=18348, stack(0x000000470c900000,0x000000470ca00000) (1024K)]
  0x000002174520c530 JavaThread "Notification Thread"        daemon [_thread_blocked, id=19004, stack(0x000000470ca00000,0x000000470cb00000) (1024K)]
  0x000002174520d170 JavaThread "Common-Cleaner"             daemon [_thread_blocked, id=9036, stack(0x000000470cb00000,0x000000470cc00000) (1024K)]
  0x0000021746311300 JavaThread "Thread-1"                   daemon [_thread_blocked, id=17256, stack(0x000000470cf00000,0x000000470d000000) (1024K)]
=>0x00000217462cc2e0 JavaThread "C2 CompilerThread1"         daemon [_thread_in_native, id=2056, stack(0x000000470d000000,0x000000470d100000) (1024K)]
Total: 13

Other Threads:
  0x000002177bd6b780 VMThread "VM Thread"                           [id=16504, stack(0x000000470c100000,0x000000470c200000) (1024K)]
  0x000002177bd53010 WatcherThread "VM Periodic Task Thread"        [id=16988, stack(0x000000470c000000,0x000000470c100000) (1024K)]
  0x000002175fdee060 WorkerThread "GC Thread#0"                     [id=9648, stack(0x000000470bb00000,0x000000470bc00000) (1024K)]
  0x0000021745bc56b0 WorkerThread "GC Thread#1"                     [id=20112, stack(0x000000470cc00000,0x000000470cd00000) (1024K)]
  0x0000021745bf25f0 WorkerThread "GC Thread#2"                     [id=15960, stack(0x000000470cd00000,0x000000470ce00000) (1024K)]
  0x0000021745c22310 WorkerThread "GC Thread#3"                     [id=12992, stack(0x000000470ce00000,0x000000470cf00000) (1024K)]
  0x000002175fdfe750 ConcurrentGCThread "G1 Main Marker"            [id=18008, stack(0x000000470bc00000,0x000000470bd00000) (1024K)]
  0x000002175fdff160 WorkerThread "G1 Conc#0"                       [id=6740, stack(0x000000470bd00000,0x000000470be00000) (1024K)]
  0x000002175fe5ea00 ConcurrentGCThread "G1 Refine#0"               [id=1964, stack(0x000000470be00000,0x000000470bf00000) (1024K)]
  0x000002177bc26630 ConcurrentGCThread "G1 Service"                [id=5508, stack(0x000000470bf00000,0x000000470c000000) (1024K)]
Total: 10

Threads with active compile tasks:
C2 CompilerThread0     4816 4219   !   4       java.util.concurrent.ConcurrentHashMap::putVal (432 bytes)
C2 CompilerThread1     4816 4191   !   4       org.apache.maven.model.Plugin::clone (204 bytes)
Total: 2

VM state: not at safepoint (normal execution)

VM Mutex/Monitor currently owned by a thread: None

Heap address: 0x0000000084000000, size: 1984 MB, Compressed Oops mode: 32-bit

CDS archive(s) mapped at: [0x0000021700000000-0x0000021700c90000-0x0000021700c90000), size 13172736, SharedBaseAddress: 0x0000021700000000, ArchiveRelocationMode: 1.
Compressed class space mapped at: 0x0000021701000000-0x0000021741000000, reserved size: 1073741824
Narrow klass base: 0x0000021700000000, Narrow klass shift: 0, Narrow klass range: 0x100000000

GC Precious Log:
 CardTable entry size: 512
 Card Set container configuration: InlinePtr #cards 5 size 8 Array Of Cards #cards 12 size 40 Howl #buckets 4 coarsen threshold 1843 Howl Bitmap #cards 512 size 80 coarsen threshold 460 Card regions per heap region 1 cards per card region 2048
 CPUs: 4 total, 4 available
 Memory: 7934M
 Large Page Support: Disabled
 NUMA Support: Disabled
 Compressed Oops: Enabled (32-bit)
 Heap Region Size: 1M
 Heap Min Capacity: 8M
 Heap Initial Capacity: 124M
 Heap Max Capacity: 1984M
 Pre-touch: Disabled
 Parallel Workers: 4
 Concurrent Workers: 1
 Concurrent Refinement Workers: 4
 Periodic GC: Disabled

Heap:
 garbage-first heap   total 126976K, used 48358K [0x0000000084000000, 0x0000000100000000)
  region size 1024K, 45 young (46080K), 8 survivors (8192K)
 Metaspace       used 16204K, committed 16448K, reserved 1114112K
  class space    used 1870K, committed 1984K, reserved 1048576K

Heap Regions: E=young(eden), S=young(survivor), O=old, HS=humongous(starts), HC=humongous(continues), CS=collection set, F=free, TAMS=top-at-mark-start, PB=parsable bottom
|   0|0x0000000084000000, 0x0000000084100000, 0x0000000084100000|100%| O|  |TAMS 0x0000000084000000| PB 0x0000000084000000| Untracked 
|   1|0x0000000084100000, 0x0000000084200000, 0x0000000084200000|100%| O|  |TAMS 0x0000000084100000| PB 0x0000000084100000| Untracked 
|   2|0x0000000084200000, 0x0000000084300000, 0x0000000084300000|100%| O|  |TAMS 0x0000000084200000| PB 0x0000000084200000| Untracked 
|   3|0x0000000084300000, 0x0000000084339890, 0x0000000084400000| 22%| O|  |TAMS 0x0000000084300000| PB 0x0000000084300000| Untracked 
|   4|0x0000000084400000, 0x0000000084400000, 0x0000000084500000|  0%| F|  |TAMS 0x0000000084400000| PB 0x0000000084400000| Untracked 
|   5|0x0000000084500000, 0x0000000084500000, 0x0000000084600000|  0%| F|  |TAMS 0x0000000084500000| PB 0x0000000084500000| Untracked 
|   6|0x0000000084600000, 0x0000000084600000, 0x0000000084700000|  0%| F|  |TAMS 0x0000000084600000| PB 0x0000000084600000| Untracked 
|   7|0x0000000084700000, 0x0000000084700000, 0x0000000084800000|  0%| F|  |TAMS 0x0000000084700000| PB 0x0000000084700000| Untracked 
|   8|0x0000000084800000, 0x0000000084800000, 0x0000000084900000|  0%| F|  |TAMS 0x0000000084800000| PB 0x0000000084800000| Untracked 
|   9|0x0000000084900000, 0x0000000084900000, 0x0000000084a00000|  0%| F|  |TAMS 0x0000000084900000| PB 0x0000000084900000| Untracked 
|  10|0x0000000084a00000, 0x0000000084a00000, 0x0000000084b00000|  0%| F|  |TAMS 0x0000000084a00000| PB 0x0000000084a00000| Untracked 
|  11|0x0000000084b00000, 0x0000000084b00000, 0x0000000084c00000|  0%| F|  |TAMS 0x0000000084b00000| PB 0x0000000084b00000| Untracked 
|  12|0x0000000084c00000, 0x0000000084c00000, 0x0000000084d00000|  0%| F|  |TAMS 0x0000000084c00000| PB 0x0000000084c00000| Untracked 
|  13|0x0000000084d00000, 0x0000000084d00000, 0x0000000084e00000|  0%| F|  |TAMS 0x0000000084d00000| PB 0x0000000084d00000| Untracked 
|  14|0x0000000084e00000, 0x0000000084e00000, 0x0000000084f00000|  0%| F|  |TAMS 0x0000000084e00000| PB 0x0000000084e00000| Untracked 
|  15|0x0000000084f00000, 0x0000000084f00000, 0x0000000085000000|  0%| F|  |TAMS 0x0000000084f00000| PB 0x0000000084f00000| Untracked 
|  16|0x0000000085000000, 0x0000000085000000, 0x0000000085100000|  0%| F|  |TAMS 0x0000000085000000| PB 0x0000000085000000| Untracked 
|  17|0x0000000085100000, 0x0000000085100000, 0x0000000085200000|  0%| F|  |TAMS 0x0000000085100000| PB 0x0000000085100000| Untracked 
|  18|0x0000000085200000, 0x0000000085200000, 0x0000000085300000|  0%| F|  |TAMS 0x0000000085200000| PB 0x0000000085200000| Untracked 
|  19|0x0000000085300000, 0x0000000085300000, 0x0000000085400000|  0%| F|  |TAMS 0x0000000085300000| PB 0x0000000085300000| Untracked 
|  20|0x0000000085400000, 0x0000000085400000, 0x0000000085500000|  0%| F|  |TAMS 0x0000000085400000| PB 0x0000000085400000| Untracked 
|  21|0x0000000085500000, 0x0000000085500000, 0x0000000085600000|  0%| F|  |TAMS 0x0000000085500000| PB 0x0000000085500000| Untracked 
|  22|0x0000000085600000, 0x0000000085600000, 0x0000000085700000|  0%| F|  |TAMS 0x0000000085600000| PB 0x0000000085600000| Untracked 
|  23|0x0000000085700000, 0x0000000085700000, 0x0000000085800000|  0%| F|  |TAMS 0x0000000085700000| PB 0x0000000085700000| Untracked 
|  24|0x0000000085800000, 0x0000000085800000, 0x0000000085900000|  0%| F|  |TAMS 0x0000000085800000| PB 0x0000000085800000| Untracked 
|  25|0x0000000085900000, 0x0000000085900000, 0x0000000085a00000|  0%| F|  |TAMS 0x0000000085900000| PB 0x0000000085900000| Untracked 
|  26|0x0000000085a00000, 0x0000000085a00000, 0x0000000085b00000|  0%| F|  |TAMS 0x0000000085a00000| PB 0x0000000085a00000| Untracked 
|  27|0x0000000085b00000, 0x0000000085b00000, 0x0000000085c00000|  0%| F|  |TAMS 0x0000000085b00000| PB 0x0000000085b00000| Untracked 
|  28|0x0000000085c00000, 0x0000000085c00000, 0x0000000085d00000|  0%| F|  |TAMS 0x0000000085c00000| PB 0x0000000085c00000| Untracked 
|  29|0x0000000085d00000, 0x0000000085d00000, 0x0000000085e00000|  0%| F|  |TAMS 0x0000000085d00000| PB 0x0000000085d00000| Untracked 
|  30|0x0000000085e00000, 0x0000000085e00000, 0x0000000085f00000|  0%| F|  |TAMS 0x0000000085e00000| PB 0x0000000085e00000| Untracked 
|  31|0x0000000085f00000, 0x0000000085f00000, 0x0000000086000000|  0%| F|  |TAMS 0x0000000085f00000| PB 0x0000000085f00000| Untracked 
|  32|0x0000000086000000, 0x0000000086000000, 0x0000000086100000|  0%| F|  |TAMS 0x0000000086000000| PB 0x0000000086000000| Untracked 
|  33|0x0000000086100000, 0x0000000086100000, 0x0000000086200000|  0%| F|  |TAMS 0x0000000086100000| PB 0x0000000086100000| Untracked 
|  34|0x0000000086200000, 0x0000000086200000, 0x0000000086300000|  0%| F|  |TAMS 0x0000000086200000| PB 0x0000000086200000| Untracked 
|  35|0x0000000086300000, 0x0000000086300000, 0x0000000086400000|  0%| F|  |TAMS 0x0000000086300000| PB 0x0000000086300000| Untracked 
|  36|0x0000000086400000, 0x0000000086400000, 0x0000000086500000|  0%| F|  |TAMS 0x0000000086400000| PB 0x0000000086400000| Untracked 
|  37|0x0000000086500000, 0x0000000086500000, 0x0000000086600000|  0%| F|  |TAMS 0x0000000086500000| PB 0x0000000086500000| Untracked 
|  38|0x0000000086600000, 0x0000000086600000, 0x0000000086700000|  0%| F|  |TAMS 0x0000000086600000| PB 0x0000000086600000| Untracked 
|  39|0x0000000086700000, 0x0000000086700000, 0x0000000086800000|  0%| F|  |TAMS 0x0000000086700000| PB 0x0000000086700000| Untracked 
|  40|0x0000000086800000, 0x0000000086800000, 0x0000000086900000|  0%| F|  |TAMS 0x0000000086800000| PB 0x0000000086800000| Untracked 
|  41|0x0000000086900000, 0x0000000086900000, 0x0000000086a00000|  0%| F|  |TAMS 0x0000000086900000| PB 0x0000000086900000| Untracked 
|  42|0x0000000086a00000, 0x0000000086b00000, 0x0000000086b00000|100%| S|CS|TAMS 0x0000000086a00000| PB 0x0000000086a00000| Complete 
|  43|0x0000000086b00000, 0x0000000086c00000, 0x0000000086c00000|100%| S|CS|TAMS 0x0000000086b00000| PB 0x0000000086b00000| Complete 
|  44|0x0000000086c00000, 0x0000000086d00000, 0x0000000086d00000|100%| S|CS|TAMS 0x0000000086c00000| PB 0x0000000086c00000| Complete 
|  45|0x0000000086d00000, 0x0000000086e00000, 0x0000000086e00000|100%| S|CS|TAMS 0x0000000086d00000| PB 0x0000000086d00000| Complete 
|  46|0x0000000086e00000, 0x0000000086f00000, 0x0000000086f00000|100%| S|CS|TAMS 0x0000000086e00000| PB 0x0000000086e00000| Complete 
|  47|0x0000000086f00000, 0x0000000087000000, 0x0000000087000000|100%| S|CS|TAMS 0x0000000086f00000| PB 0x0000000086f00000| Complete 
|  48|0x0000000087000000, 0x0000000087100000, 0x0000000087100000|100%| S|CS|TAMS 0x0000000087000000| PB 0x0000000087000000| Complete 
|  49|0x0000000087100000, 0x0000000087200000, 0x0000000087200000|100%| S|CS|TAMS 0x0000000087100000| PB 0x0000000087100000| Complete 
|  50|0x0000000087200000, 0x0000000087200000, 0x0000000087300000|  0%| F|  |TAMS 0x0000000087200000| PB 0x0000000087200000| Untracked 
|  51|0x0000000087300000, 0x0000000087300000, 0x0000000087400000|  0%| F|  |TAMS 0x0000000087300000| PB 0x0000000087300000| Untracked 
|  52|0x0000000087400000, 0x0000000087400000, 0x0000000087500000|  0%| F|  |TAMS 0x0000000087400000| PB 0x0000000087400000| Untracked 
|  53|0x0000000087500000, 0x0000000087500000, 0x0000000087600000|  0%| F|  |TAMS 0x0000000087500000| PB 0x0000000087500000| Untracked 
|  54|0x0000000087600000, 0x0000000087600000, 0x0000000087700000|  0%| F|  |TAMS 0x0000000087600000| PB 0x0000000087600000| Untracked 
|  55|0x0000000087700000, 0x0000000087700000, 0x0000000087800000|  0%| F|  |TAMS 0x0000000087700000| PB 0x0000000087700000| Untracked 
|  56|0x0000000087800000, 0x0000000087800000, 0x0000000087900000|  0%| F|  |TAMS 0x0000000087800000| PB 0x0000000087800000| Untracked 
|  57|0x0000000087900000, 0x0000000087900000, 0x0000000087a00000|  0%| F|  |TAMS 0x0000000087900000| PB 0x0000000087900000| Untracked 
|  58|0x0000000087a00000, 0x0000000087a00000, 0x0000000087b00000|  0%| F|  |TAMS 0x0000000087a00000| PB 0x0000000087a00000| Untracked 
|  59|0x0000000087b00000, 0x0000000087b00000, 0x0000000087c00000|  0%| F|  |TAMS 0x0000000087b00000| PB 0x0000000087b00000| Untracked 
|  60|0x0000000087c00000, 0x0000000087c00000, 0x0000000087d00000|  0%| F|  |TAMS 0x0000000087c00000| PB 0x0000000087c00000| Untracked 
|  61|0x0000000087d00000, 0x0000000087d00000, 0x0000000087e00000|  0%| F|  |TAMS 0x0000000087d00000| PB 0x0000000087d00000| Untracked 
|  62|0x0000000087e00000, 0x0000000087e00000, 0x0000000087f00000|  0%| F|  |TAMS 0x0000000087e00000| PB 0x0000000087e00000| Untracked 
|  63|0x0000000087f00000, 0x0000000087f00000, 0x0000000088000000|  0%| F|  |TAMS 0x0000000087f00000| PB 0x0000000087f00000| Untracked 
|  64|0x0000000088000000, 0x0000000088000000, 0x0000000088100000|  0%| F|  |TAMS 0x0000000088000000| PB 0x0000000088000000| Untracked 
|  65|0x0000000088100000, 0x0000000088100000, 0x0000000088200000|  0%| F|  |TAMS 0x0000000088100000| PB 0x0000000088100000| Untracked 
|  66|0x0000000088200000, 0x0000000088200000, 0x0000000088300000|  0%| F|  |TAMS 0x0000000088200000| PB 0x0000000088200000| Untracked 
|  67|0x0000000088300000, 0x0000000088300000, 0x0000000088400000|  0%| F|  |TAMS 0x0000000088300000| PB 0x0000000088300000| Untracked 
|  68|0x0000000088400000, 0x0000000088400000, 0x0000000088500000|  0%| F|  |TAMS 0x0000000088400000| PB 0x0000000088400000| Untracked 
|  69|0x0000000088500000, 0x0000000088500000, 0x0000000088600000|  0%| F|  |TAMS 0x0000000088500000| PB 0x0000000088500000| Untracked 
|  70|0x0000000088600000, 0x0000000088600000, 0x0000000088700000|  0%| F|  |TAMS 0x0000000088600000| PB 0x0000000088600000| Untracked 
|  71|0x0000000088700000, 0x0000000088700000, 0x0000000088800000|  0%| F|  |TAMS 0x0000000088700000| PB 0x0000000088700000| Untracked 
|  72|0x0000000088800000, 0x0000000088800000, 0x0000000088900000|  0%| F|  |TAMS 0x0000000088800000| PB 0x0000000088800000| Untracked 
|  73|0x0000000088900000, 0x0000000088900000, 0x0000000088a00000|  0%| F|  |TAMS 0x0000000088900000| PB 0x0000000088900000| Untracked 
|  74|0x0000000088a00000, 0x0000000088a00000, 0x0000000088b00000|  0%| F|  |TAMS 0x0000000088a00000| PB 0x0000000088a00000| Untracked 
|  75|0x0000000088b00000, 0x0000000088b00000, 0x0000000088c00000|  0%| F|  |TAMS 0x0000000088b00000| PB 0x0000000088b00000| Untracked 
|  76|0x0000000088c00000, 0x0000000088c00000, 0x0000000088d00000|  0%| F|  |TAMS 0x0000000088c00000| PB 0x0000000088c00000| Untracked 
|  77|0x0000000088d00000, 0x0000000088d00000, 0x0000000088e00000|  0%| F|  |TAMS 0x0000000088d00000| PB 0x0000000088d00000| Untracked 
|  78|0x0000000088e00000, 0x0000000088e00000, 0x0000000088f00000|  0%| F|  |TAMS 0x0000000088e00000| PB 0x0000000088e00000| Untracked 
|  79|0x0000000088f00000, 0x0000000088f00000, 0x0000000089000000|  0%| F|  |TAMS 0x0000000088f00000| PB 0x0000000088f00000| Untracked 
|  80|0x0000000089000000, 0x0000000089000000, 0x0000000089100000|  0%| F|  |TAMS 0x0000000089000000| PB 0x0000000089000000| Untracked 
|  81|0x0000000089100000, 0x0000000089100000, 0x0000000089200000|  0%| F|  |TAMS 0x0000000089100000| PB 0x0000000089100000| Untracked 
|  82|0x0000000089200000, 0x0000000089200000, 0x0000000089300000|  0%| F|  |TAMS 0x0000000089200000| PB 0x0000000089200000| Untracked 
|  83|0x0000000089300000, 0x0000000089300000, 0x0000000089400000|  0%| F|  |TAMS 0x0000000089300000| PB 0x0000000089300000| Untracked 
|  84|0x0000000089400000, 0x0000000089400000, 0x0000000089500000|  0%| F|  |TAMS 0x0000000089400000| PB 0x0000000089400000| Untracked 
|  85|0x0000000089500000, 0x0000000089500000, 0x0000000089600000|  0%| F|  |TAMS 0x0000000089500000| PB 0x0000000089500000| Untracked 
|  86|0x0000000089600000, 0x0000000089600000, 0x0000000089700000|  0%| F|  |TAMS 0x0000000089600000| PB 0x0000000089600000| Untracked 
|  87|0x0000000089700000, 0x0000000089800000, 0x0000000089800000|100%| E|  |TAMS 0x0000000089700000| PB 0x0000000089700000| Complete 
|  88|0x0000000089800000, 0x0000000089900000, 0x0000000089900000|100%| E|CS|TAMS 0x0000000089800000| PB 0x0000000089800000| Complete 
|  89|0x0000000089900000, 0x0000000089a00000, 0x0000000089a00000|100%| E|CS|TAMS 0x0000000089900000| PB 0x0000000089900000| Complete 
|  90|0x0000000089a00000, 0x0000000089b00000, 0x0000000089b00000|100%| E|CS|TAMS 0x0000000089a00000| PB 0x0000000089a00000| Complete 
|  91|0x0000000089b00000, 0x0000000089c00000, 0x0000000089c00000|100%| E|CS|TAMS 0x0000000089b00000| PB 0x0000000089b00000| Complete 
|  92|0x0000000089c00000, 0x0000000089d00000, 0x0000000089d00000|100%| E|CS|TAMS 0x0000000089c00000| PB 0x0000000089c00000| Complete 
|  93|0x0000000089d00000, 0x0000000089e00000, 0x0000000089e00000|100%| E|CS|TAMS 0x0000000089d00000| PB 0x0000000089d00000| Complete 
|  94|0x0000000089e00000, 0x0000000089f00000, 0x0000000089f00000|100%| E|CS|TAMS 0x0000000089e00000| PB 0x0000000089e00000| Complete 
|  95|0x0000000089f00000, 0x000000008a000000, 0x000000008a000000|100%| E|CS|TAMS 0x0000000089f00000| PB 0x0000000089f00000| Complete 
|  96|0x000000008a000000, 0x000000008a100000, 0x000000008a100000|100%| E|CS|TAMS 0x000000008a000000| PB 0x000000008a000000| Complete 
|  97|0x000000008a100000, 0x000000008a200000, 0x000000008a200000|100%| E|CS|TAMS 0x000000008a100000| PB 0x000000008a100000| Complete 
|  98|0x000000008a200000, 0x000000008a300000, 0x000000008a300000|100%| E|CS|TAMS 0x000000008a200000| PB 0x000000008a200000| Complete 
|  99|0x000000008a300000, 0x000000008a400000, 0x000000008a400000|100%| E|CS|TAMS 0x000000008a300000| PB 0x000000008a300000| Complete 
| 100|0x000000008a400000, 0x000000008a500000, 0x000000008a500000|100%| E|CS|TAMS 0x000000008a400000| PB 0x000000008a400000| Complete 
| 101|0x000000008a500000, 0x000000008a600000, 0x000000008a600000|100%| E|CS|TAMS 0x000000008a500000| PB 0x000000008a500000| Complete 
| 102|0x000000008a600000, 0x000000008a700000, 0x000000008a700000|100%| E|CS|TAMS 0x000000008a600000| PB 0x000000008a600000| Complete 
| 103|0x000000008a700000, 0x000000008a800000, 0x000000008a800000|100%| E|CS|TAMS 0x000000008a700000| PB 0x000000008a700000| Complete 
| 104|0x000000008a800000, 0x000000008a900000, 0x000000008a900000|100%| E|CS|TAMS 0x000000008a800000| PB 0x000000008a800000| Complete 
| 105|0x000000008a900000, 0x000000008aa00000, 0x000000008aa00000|100%| E|CS|TAMS 0x000000008a900000| PB 0x000000008a900000| Complete 
| 106|0x000000008aa00000, 0x000000008ab00000, 0x000000008ab00000|100%| E|CS|TAMS 0x000000008aa00000| PB 0x000000008aa00000| Complete 
| 107|0x000000008ab00000, 0x000000008ac00000, 0x000000008ac00000|100%| E|CS|TAMS 0x000000008ab00000| PB 0x000000008ab00000| Complete 
| 108|0x000000008ac00000, 0x000000008ad00000, 0x000000008ad00000|100%| E|CS|TAMS 0x000000008ac00000| PB 0x000000008ac00000| Complete 
| 109|0x000000008ad00000, 0x000000008ae00000, 0x000000008ae00000|100%| E|CS|TAMS 0x000000008ad00000| PB 0x000000008ad00000| Complete 
| 110|0x000000008ae00000, 0x000000008af00000, 0x000000008af00000|100%| E|CS|TAMS 0x000000008ae00000| PB 0x000000008ae00000| Complete 
| 111|0x000000008af00000, 0x000000008b000000, 0x000000008b000000|100%| E|CS|TAMS 0x000000008af00000| PB 0x000000008af00000| Complete 
| 112|0x000000008b000000, 0x000000008b100000, 0x000000008b100000|100%| E|CS|TAMS 0x000000008b000000| PB 0x000000008b000000| Complete 
| 113|0x000000008b100000, 0x000000008b200000, 0x000000008b200000|100%| E|CS|TAMS 0x000000008b100000| PB 0x000000008b100000| Complete 
| 114|0x000000008b200000, 0x000000008b300000, 0x000000008b300000|100%| E|CS|TAMS 0x000000008b200000| PB 0x000000008b200000| Complete 
| 115|0x000000008b300000, 0x000000008b400000, 0x000000008b400000|100%| E|CS|TAMS 0x000000008b300000| PB 0x000000008b300000| Complete 
| 116|0x000000008b400000, 0x000000008b500000, 0x000000008b500000|100%| E|CS|TAMS 0x000000008b400000| PB 0x000000008b400000| Complete 
| 117|0x000000008b500000, 0x000000008b600000, 0x000000008b600000|100%| E|CS|TAMS 0x000000008b500000| PB 0x000000008b500000| Complete 
| 118|0x000000008b600000, 0x000000008b700000, 0x000000008b700000|100%| E|CS|TAMS 0x000000008b600000| PB 0x000000008b600000| Complete 
| 119|0x000000008b700000, 0x000000008b800000, 0x000000008b800000|100%| E|CS|TAMS 0x000000008b700000| PB 0x000000008b700000| Complete 
| 120|0x000000008b800000, 0x000000008b900000, 0x000000008b900000|100%| E|CS|TAMS 0x000000008b800000| PB 0x000000008b800000| Complete 
| 121|0x000000008b900000, 0x000000008ba00000, 0x000000008ba00000|100%| E|CS|TAMS 0x000000008b900000| PB 0x000000008b900000| Complete 
| 122|0x000000008ba00000, 0x000000008bb00000, 0x000000008bb00000|100%| E|CS|TAMS 0x000000008ba00000| PB 0x000000008ba00000| Complete 
| 123|0x000000008bb00000, 0x000000008bc00000, 0x000000008bc00000|100%| E|CS|TAMS 0x000000008bb00000| PB 0x000000008bb00000| Complete 

Card table byte_map: [0x00000217775f0000,0x00000217779d0000] _byte_map_base: 0x00000217771d0000

Marking Bits: (CMBitMap*) 0x000002175fdee670
 Bits: [0x00000217779d0000, 0x00000217798d0000)

Polling page: 0x000002175dd10000

Metaspace:

Usage:
  Non-class:     14.00 MB used.
      Class:      1.83 MB used.
       Both:     15.83 MB used.

Virtual space:
  Non-class space:       64.00 MB reserved,      14.12 MB ( 22%) committed,  1 nodes.
      Class space:        1.00 GB reserved,       1.94 MB ( <1%) committed,  1 nodes.
             Both:        1.06 GB reserved,      16.06 MB (  1%) committed. 

Chunk freelists:
   Non-Class:  1.59 MB
       Class:  13.92 MB
        Both:  15.51 MB

MaxMetaspaceSize: unlimited
CompressedClassSpaceSize: 1.00 GB
Initial GC threshold: 21.00 MB
Current GC threshold: 21.00 MB
CDS: on
 - commit_granule_bytes: 65536.
 - commit_granule_words: 8192.
 - virtual_space_node_default_size: 8388608.
 - enlarge_chunks_in_place: 1.
 - use_allocation_guard: 0.


Internal statistics:

num_allocs_failed_limit: 0.
num_arena_births: 178.
num_arena_deaths: 0.
num_vsnodes_births: 2.
num_vsnodes_deaths: 0.
num_space_committed: 257.
num_space_uncommitted: 0.
num_chunks_returned_to_freelist: 0.
num_chunks_taken_from_freelist: 703.
num_chunk_merges: 0.
num_chunk_splits: 495.
num_chunks_enlarged: 412.
num_inconsistent_stats: 0.

CodeHeap 'non-profiled nmethods': size=120000Kb used=2044Kb max_used=2044Kb free=117955Kb
 bounds [0x000002176fce0000, 0x000002176ff50000, 0x0000021777210000]
CodeHeap 'profiled nmethods': size=120000Kb used=8674Kb max_used=8674Kb free=111325Kb
 bounds [0x0000021768210000, 0x0000021768a90000, 0x000002176f740000]
CodeHeap 'non-nmethods': size=5760Kb used=1540Kb max_used=1591Kb free=4219Kb
 bounds [0x000002176f740000, 0x000002176f9b0000, 0x000002176fce0000]
 total_blobs=4736 nmethods=4244 adapters=396
 compilation: enabled
              stopped_count=0, restarted_count=0
 full_count=0

Compilation events (20 events):
Event: 4.741 Thread 0x000002177bd9dc00 4202   !   3       java.lang.Class::getEnumConstantsShared (71 bytes)
Event: 4.742 Thread 0x000002177bd9dc00 nmethod 4202 0x0000021768a68810 code [0x0000021768a68b60, 0x0000021768a69fd0]
Event: 4.743 Thread 0x000002177bd9dc00 4203       3       org.eclipse.aether.graph.Dependency::equals (94 bytes)
Event: 4.744 Thread 0x000002177bd9dc00 nmethod 4203 0x0000021768a6a890 code [0x0000021768a6ab00, 0x0000021768a6b8d8]
Event: 4.744 Thread 0x000002177bd9dc00 4204       1       org.eclipse.aether.collection.DependencyManagement::getProperties (5 bytes)
Event: 4.744 Thread 0x000002177bd9dc00 nmethod 4204 0x000002176fed5a90 code [0x000002176fed5c20, 0x000002176fed5ce8]
Event: 4.744 Thread 0x000002177bd9dc00 4205       1       org.eclipse.aether.collection.DependencyManagement::getScope (5 bytes)
Event: 4.744 Thread 0x000002177bd9dc00 nmethod 4205 0x000002176fed5d90 code [0x000002176fed5f20, 0x000002176fed5fe8]
Event: 4.745 Thread 0x000002177bd9dc00 4206       1       org.eclipse.aether.collection.DependencyManagement::getOptional (5 bytes)
Event: 4.745 Thread 0x000002177bd9dc00 nmethod 4206 0x000002176fed6090 code [0x000002176fed6220, 0x000002176fed62e8]
Event: 4.745 Thread 0x000002177bd9dc00 4207       1       org.eclipse.aether.collection.DependencyManagement::getExclusions (5 bytes)
Event: 4.745 Thread 0x000002177bd9dc00 nmethod 4207 0x000002176fed6390 code [0x000002176fed6520, 0x000002176fed65e8]
Event: 4.745 Thread 0x000002177bd9dc00 4208       1       org.eclipse.aether.util.version.GenericVersionConstraint::getVersion (5 bytes)
Event: 4.745 Thread 0x000002177bd9dc00 nmethod 4208 0x000002176fed6690 code [0x000002176fed6820, 0x000002176fed68e8]
Event: 4.748 Thread 0x000002177bd9dc00 4210   !   2       java.util.concurrent.ConcurrentHashMap::putVal (432 bytes)
Event: 4.749 Thread 0x000002177bd9dc00 nmethod 4210 0x0000021768a6bb90 code [0x0000021768a6be80, 0x0000021768a6cdf0]
Event: 4.759 Thread 0x000002177bd9dc00 4211       3       java.lang.String::split (242 bytes)
Event: 4.761 Thread 0x000002177bd9dc00 nmethod 4211 0x0000021768a6d710 code [0x0000021768a6db00, 0x0000021768a700c8]
Event: 4.761 Thread 0x000002177bd9dc00 4212   !   3       org.eclipse.aether.internal.impl.collect.df.DfDependencyCollector::processDependency (684 bytes)
Event: 4.766 Thread 0x000002177bd9dc00 nmethod 4212 0x0000021768a70d90 code [0x0000021768a714a0, 0x0000021768a75720]

GC Heap History (6 events):
Event: 0.689 GC heap before
{Heap before GC invocations=0 (full 0):
 garbage-first heap   total 126976K, used 13312K [0x0000000084000000, 0x0000000100000000)
  region size 1024K, 13 young (13312K), 0 survivors (0K)
 Metaspace       used 3583K, committed 3776K, reserved 1114112K
  class space    used 365K, committed 448K, reserved 1048576K
}
Event: 0.697 GC heap after
{Heap after GC invocations=1 (full 0):
 garbage-first heap   total 126976K, used 3204K [0x0000000084000000, 0x0000000100000000)
  region size 1024K, 2 young (2048K), 2 survivors (2048K)
 Metaspace       used 3583K, committed 3776K, reserved 1114112K
  class space    used 365K, committed 448K, reserved 1048576K
}
Event: 1.168 GC heap before
{Heap before GC invocations=1 (full 0):
 garbage-first heap   total 126976K, used 19588K [0x0000000084000000, 0x0000000100000000)
  region size 1024K, 18 young (18432K), 2 survivors (2048K)
 Metaspace       used 6135K, committed 6336K, reserved 1114112K
  class space    used 718K, committed 832K, reserved 1048576K
}
Event: 1.173 GC heap after
{Heap after GC invocations=2 (full 0):
 garbage-first heap   total 126976K, used 4158K [0x0000000084000000, 0x0000000100000000)
  region size 1024K, 1 young (1024K), 1 survivors (1024K)
 Metaspace       used 6135K, committed 6336K, reserved 1114112K
  class space    used 718K, committed 832K, reserved 1048576K
}
Event: 3.782 GC heap before
{Heap before GC invocations=2 (full 0):
 garbage-first heap   total 126976K, used 77886K [0x0000000084000000, 0x0000000100000000)
  region size 1024K, 74 young (75776K), 1 survivors (1024K)
 Metaspace       used 15636K, committed 15808K, reserved 1114112K
  class space    used 1847K, committed 1920K, reserved 1048576K
}
Event: 3.797 GC heap after
{Heap after GC invocations=3 (full 0):
 garbage-first heap   total 126976K, used 11494K [0x0000000084000000, 0x0000000100000000)
  region size 1024K, 8 young (8192K), 8 survivors (8192K)
 Metaspace       used 15636K, committed 15808K, reserved 1114112K
  class space    used 1847K, committed 1920K, reserved 1048576K
}

Dll operation events (8 events):
Event: 0.007 Loaded shared library C:\Program Files\Java\jdk-21\bin\java.dll
Event: 0.037 Loaded shared library C:\Program Files\Java\jdk-21\bin\jsvml.dll
Event: 0.060 Loaded shared library C:\Program Files\Java\jdk-21\bin\net.dll
Event: 0.063 Loaded shared library C:\Program Files\Java\jdk-21\bin\nio.dll
Event: 0.069 Loaded shared library C:\Program Files\Java\jdk-21\bin\zip.dll
Event: 0.311 Loaded shared library C:\Program Files\Java\jdk-21\bin\jimage.dll
Event: 0.313 Loaded shared library C:\Users\sammy\.m2\wrapper\dists\apache-maven-3.9.11\d6d3cbd4012d4c1d840e93277aca316c\lib\jansi-native\Windows\x86_64\jansi.dll
Event: 0.344 Loaded shared library C:\Program Files\Java\jdk-21\bin\verify.dll

Deoptimization events (20 events):
Event: 4.384 Thread 0x000002175dbacf60 Uncommon trap: trap_request=0xffffffbe fr.pc=0x000002176feb238c relative=0x000000000000112c
Event: 4.384 Thread 0x000002175dbacf60 Uncommon trap: reason=profile_predicate action=maybe_recompile pc=0x000002176feb238c method=java.util.concurrent.ConcurrentHashMap.putAll(Ljava/util/Map;)V @ 28 c2
Event: 4.384 Thread 0x000002175dbacf60 DEOPT PACKING pc=0x000002176feb238c sp=0x000000470bafca80
Event: 4.384 Thread 0x000002175dbacf60 DEOPT UNPACKING pc=0x000002176f797da2 sp=0x000000470bafca60 mode 2
Event: 4.598 Thread 0x000002175dbacf60 Uncommon trap: trap_request=0xffffffde fr.pc=0x000002176fd237ec relative=0x0000000000000e6c
Event: 4.598 Thread 0x000002175dbacf60 Uncommon trap: reason=class_check action=maybe_recompile pc=0x000002176fd237ec method=java.util.concurrent.ConcurrentHashMap.putVal(Ljava/lang/Object;Ljava/lang/Object;Z)Ljava/lang/Object; @ 242 c2
Event: 4.598 Thread 0x000002175dbacf60 DEOPT PACKING pc=0x000002176fd237ec sp=0x000000470bafd010
Event: 4.598 Thread 0x000002175dbacf60 DEOPT UNPACKING pc=0x000002176f797da2 sp=0x000000470bafcf80 mode 2
Event: 4.598 Thread 0x000002175dbacf60 Uncommon trap: trap_request=0xffffff45 fr.pc=0x000002176fddcf58 relative=0x0000000000000298
Event: 4.598 Thread 0x000002175dbacf60 Uncommon trap: reason=unstable_if action=reinterpret pc=0x000002176fddcf58 method=java.util.concurrent.ConcurrentHashMap.get(Ljava/lang/Object;)Ljava/lang/Object; @ 152 c2
Event: 4.598 Thread 0x000002175dbacf60 DEOPT PACKING pc=0x000002176fddcf58 sp=0x000000470bafccc0
Event: 4.598 Thread 0x000002175dbacf60 DEOPT UNPACKING pc=0x000002176f797da2 sp=0x000000470bafcc38 mode 2
Event: 4.598 Thread 0x000002175dbacf60 Uncommon trap: trap_request=0xffffffde fr.pc=0x000002176fd237ec relative=0x0000000000000e6c
Event: 4.598 Thread 0x000002175dbacf60 Uncommon trap: reason=class_check action=maybe_recompile pc=0x000002176fd237ec method=java.util.concurrent.ConcurrentHashMap.putVal(Ljava/lang/Object;Ljava/lang/Object;Z)Ljava/lang/Object; @ 242 c2
Event: 4.598 Thread 0x000002175dbacf60 DEOPT PACKING pc=0x000002176fd237ec sp=0x000000470bafcc10
Event: 4.598 Thread 0x000002175dbacf60 DEOPT UNPACKING pc=0x000002176f797da2 sp=0x000000470bafcb80 mode 2
Event: 4.744 Thread 0x000002175dbacf60 Uncommon trap: trap_request=0xffffffde fr.pc=0x000002176fd237ec relative=0x0000000000000e6c
Event: 4.744 Thread 0x000002175dbacf60 Uncommon trap: reason=class_check action=maybe_recompile pc=0x000002176fd237ec method=java.util.concurrent.ConcurrentHashMap.putVal(Ljava/lang/Object;Ljava/lang/Object;Z)Ljava/lang/Object; @ 242 c2
Event: 4.744 Thread 0x000002175dbacf60 DEOPT PACKING pc=0x000002176fd237ec sp=0x000000470bafcc10
Event: 4.744 Thread 0x000002175dbacf60 DEOPT UNPACKING pc=0x000002176f797da2 sp=0x000000470bafcb80 mode 2

Classes loaded (20 events):
Event: 2.908 Loading class sun/nio/ch/Interruptible done
Event: 2.908 Loading class java/nio/channels/spi/AbstractInterruptibleChannel$1 done
Event: 2.909 Loading class java/util/AbstractMap$2
Event: 2.909 Loading class java/util/AbstractMap$2 done
Event: 2.909 Loading class java/util/AbstractMap$2$1
Event: 2.910 Loading class java/util/AbstractMap$2$1 done
Event: 3.079 Loading class java/util/StringTokenizer
Event: 3.079 Loading class java/util/StringTokenizer done
Event: 3.247 Loading class java/util/stream/Streams$RangeIntSpliterator
Event: 3.248 Loading class java/util/stream/Streams$RangeIntSpliterator done
Event: 3.674 Loading class java/util/stream/MatchOps$MatchKind
Event: 3.674 Loading class java/util/stream/MatchOps$MatchKind done
Event: 3.674 Loading class java/util/stream/MatchOps
Event: 3.675 Loading class java/util/stream/MatchOps done
Event: 3.675 Loading class java/util/stream/MatchOps$MatchOp
Event: 3.675 Loading class java/util/stream/MatchOps$MatchOp done
Event: 3.675 Loading class java/util/stream/MatchOps$BooleanTerminalSink
Event: 3.675 Loading class java/util/stream/MatchOps$BooleanTerminalSink done
Event: 3.676 Loading class java/util/stream/MatchOps$1MatchSink
Event: 3.676 Loading class java/util/stream/MatchOps$1MatchSink done

Classes unloaded (0 events):
No events

Classes redefined (0 events):
No events

Internal exceptions (20 events):
Event: 2.033 Thread 0x000002175dbacf60 Exception <a 'java/lang/NoSuchMethodError'{0x0000000089d4aff0}: 'java.lang.Object java.lang.invoke.DirectMethodHandle$Holder.invokeSpecial(java.lang.Object, java.lang.Object, java.lang.Object, java.lang.Object, long)'> (0x0000000089d4aff0) 
thrown [s\open\src\hotspot\share\interpreter\linkResolver.cpp, line 773]
Event: 2.036 Thread 0x000002175dbacf60 Exception <a 'java/lang/NoSuchMethodError'{0x0000000089d56d40}: 'java.lang.Object java.lang.invoke.DirectMethodHandle$Holder.invokeSpecial(java.lang.Object, java.lang.Object, java.lang.Object, int, java.lang.Object)'> (0x0000000089d56d40) 
thrown [s\open\src\hotspot\share\interpreter\linkResolver.cpp, line 773]
Event: 2.037 Thread 0x000002175dbacf60 Exception <a 'java/lang/NoSuchMethodError'{0x0000000089d5ee60}: 'int java.lang.invoke.DirectMethodHandle$Holder.invokeSpecial(java.lang.Object, java.lang.Object, java.lang.Object, int)'> (0x0000000089d5ee60) 
thrown [s\open\src\hotspot\share\interpreter\linkResolver.cpp, line 773]
Event: 2.045 Thread 0x000002175dbacf60 Implicit null exception at 0x000002176fd8255a to 0x000002176fd82734
Event: 2.047 Thread 0x000002175dbacf60 Exception <a 'java/lang/NoSuchMethodError'{0x0000000089d838b0}: 'java.lang.Object java.lang.invoke.Invokers$Holder.invokeExact_MT(java.lang.Object, int, java.lang.Object)'> (0x0000000089d838b0) 
thrown [s\open\src\hotspot\share\interpreter\linkResolver.cpp, line 773]
Event: 2.499 Thread 0x000002175dbacf60 Exception <a 'java/lang/NoSuchMethodError'{0x000000008957f9f0}: 'void java.lang.invoke.Invokers$Holder.invokeExact_MT(java.lang.Object, java.lang.Object, java.lang.Object, java.lang.Object)'> (0x000000008957f9f0) 
thrown [s\open\src\hotspot\share\interpreter\linkResolver.cpp, line 773]
Event: 2.527 Thread 0x000002175dbacf60 Exception <a 'java/lang/NoClassDefFoundError'{0x00000000894113b0}: com/google/inject/servlet/ServletModuleTargetVisitor> (0x00000000894113b0) 
thrown [s\open\src\hotspot\share\classfile\systemDictionary.cpp, line 301]
Event: 2.604 Thread 0x000002175dbacf60 Exception <a 'java/lang/NoSuchMethodError'{0x00000000893d7e18}: 'void java.lang.invoke.DirectMethodHandle$Holder.invokeVirtual(java.lang.Object, java.lang.Object)'> (0x00000000893d7e18) 
thrown [s\open\src\hotspot\share\interpreter\linkResolver.cpp, line 773]
Event: 2.648 Thread 0x000002175dbacf60 Exception <a 'java/lang/NoSuchMethodError'{0x0000000089258218}: 'java.lang.Object java.lang.invoke.DirectMethodHandle$Holder.invokeStaticInit(java.lang.Object, int, int, int, int)'> (0x0000000089258218) 
thrown [s\open\src\hotspot\share\interpreter\linkResolver.cpp, line 773]
Event: 2.848 Thread 0x000002175dbacf60 Implicit null exception at 0x000002176fd0bb24 to 0x000002176fd0c1f4
Event: 2.848 Thread 0x000002175dbacf60 Implicit null exception at 0x000002176fd08f20 to 0x000002176fd095e0
Event: 2.930 Thread 0x000002175dbacf60 Exception <a 'java/lang/NoSuchMethodError'{0x0000000088de7260}: 'void java.lang.invoke.DirectMethodHandle$Holder.invokeSpecial(java.lang.Object, java.lang.Object, java.lang.Object, java.lang.Object, java.lang.Object)'> (0x0000000088de7260) 
thrown [s\open\src\hotspot\share\interpreter\linkResolver.cpp, line 773]
Event: 2.934 Thread 0x000002175dbacf60 Exception <a 'java/lang/NoSuchMethodError'{0x0000000088dfd140}: 'void java.lang.invoke.DirectMethodHandle$Holder.invokeSpecial(java.lang.Object, java.lang.Object, java.lang.Object, java.lang.Object, java.lang.Object, java.lang.Object)'> (0x0000000088dfd140) 
thrown [s\open\src\hotspot\share\interpreter\linkResolver.cpp, line 773]
Event: 2.993 Thread 0x000002175dbacf60 Exception <a 'java/lang/NoSuchMethodError'{0x0000000088cf28d0}: 'java.lang.Object java.lang.invoke.DirectMethodHandle$Holder.invokeVirtual(java.lang.Object, java.lang.Object, java.lang.Object)'> (0x0000000088cf28d0) 
thrown [s\open\src\hotspot\share\interpreter\linkResolver.cpp, line 773]
Event: 3.094 Thread 0x000002175dbacf60 Exception <a 'java/lang/NoSuchMethodError'{0x0000000088a64c20}: 'void java.lang.invoke.DirectMethodHandle$Holder.invokeVirtual(java.lang.Object, java.lang.Object, int)'> (0x0000000088a64c20) 
thrown [s\open\src\hotspot\share\interpreter\linkResolver.cpp, line 773]
Event: 3.095 Thread 0x000002175dbacf60 Exception <a 'java/lang/NoSuchMethodError'{0x0000000088a689c0}: 'void java.lang.invoke.DirectMethodHandle$Holder.invokeSpecial(java.lang.Object, java.lang.Object, java.lang.Object, int)'> (0x0000000088a689c0) 
thrown [s\open\src\hotspot\share\interpreter\linkResolver.cpp, line 773]
Event: 3.095 Thread 0x000002175dbacf60 Exception <a 'java/lang/NoSuchMethodError'{0x0000000088a6c080}: 'void java.lang.invoke.DelegatingMethodHandle$Holder.reinvoke_L(java.lang.Object, java.lang.Object, int)'> (0x0000000088a6c080) 
thrown [s\open\src\hotspot\share\interpreter\linkResolver.cpp, line 773]
Event: 3.776 Thread 0x000002175dbacf60 Implicit null exception at 0x000002176fe0cf68 to 0x000002176fe0e284
Event: 3.777 Thread 0x000002175dbacf60 Implicit null exception at 0x000002176fd9f118 to 0x000002176fd9f2f4
Event: 3.777 Thread 0x000002175dbacf60 Implicit null exception at 0x000002176fdf700d to 0x000002176fdf7870

ZGC Phase Switch (0 events):
No events

VM Operations (20 events):
Event: 2.495 Executing VM operation: HandshakeAllThreads (Deoptimize)
Event: 2.495 Executing VM operation: HandshakeAllThreads (Deoptimize) done
Event: 2.617 Executing VM operation: HandshakeAllThreads (Deoptimize)
Event: 2.617 Executing VM operation: HandshakeAllThreads (Deoptimize) done
Event: 2.668 Executing VM operation: HandshakeAllThreads (Deoptimize)
Event: 2.668 Executing VM operation: HandshakeAllThreads (Deoptimize) done
Event: 2.702 Executing VM operation: HandshakeAllThreads (Deoptimize)
Event: 2.702 Executing VM operation: HandshakeAllThreads (Deoptimize) done
Event: 2.775 Executing VM operation: HandshakeAllThreads (Deoptimize)
Event: 2.775 Executing VM operation: HandshakeAllThreads (Deoptimize) done
Event: 2.939 Executing VM operation: ICBufferFull
Event: 2.939 Executing VM operation: ICBufferFull done
Event: 3.590 Executing VM operation: ICBufferFull
Event: 3.590 Executing VM operation: ICBufferFull done
Event: 3.782 Executing VM operation: G1CollectForAllocation (G1 Evacuation Pause)
Event: 3.797 Executing VM operation: G1CollectForAllocation (G1 Evacuation Pause) done
Event: 4.165 Executing VM operation: ICBufferFull
Event: 4.165 Executing VM operation: ICBufferFull done
Event: 4.696 Executing VM operation: ICBufferFull
Event: 4.697 Executing VM operation: ICBufferFull done

Events (17 events):
Event: 0.021 Thread 0x000002175dbacf60 Thread added: 0x000002175dbacf60
Event: 0.034 Thread 0x000002177bd88360 Thread added: 0x000002177bd88360
Event: 0.034 Thread 0x000002177bd89080 Thread added: 0x000002177bd89080
Event: 0.034 Thread 0x000002177bd8f1b0 Thread added: 0x000002177bd8f1b0
Event: 0.035 Thread 0x000002177bd900a0 Thread added: 0x000002177bd900a0
Event: 0.035 Thread 0x000002177bd912a0 Thread added: 0x000002177bd912a0
Event: 0.035 Thread 0x000002177bd93e40 Thread added: 0x000002177bd93e40
Event: 0.035 Thread 0x000002177bd97380 Thread added: 0x000002177bd97380
Event: 0.035 Thread 0x000002177bd9dc00 Thread added: 0x000002177bd9dc00
Event: 0.053 Thread 0x000002174520c530 Thread added: 0x000002174520c530
Event: 0.056 Thread 0x000002174520d170 Thread added: 0x000002174520d170
Event: 0.309 Thread 0x000002174551da60 Thread added: 0x000002174551da60
Event: 0.483 Thread 0x000002174551da60 Thread exited: 0x000002174551da60
Event: 0.944 Thread 0x0000021745db1eb0 Thread added: 0x0000021745db1eb0
Event: 1.781 Thread 0x0000021745db1eb0 Thread exited: 0x0000021745db1eb0
Event: 2.721 Thread 0x0000021746311300 Thread added: 0x0000021746311300
Event: 2.816 Thread 0x00000217462cc2e0 Thread added: 0x00000217462cc2e0


Dynamic libraries:
0x00007ff601480000 - 0x00007ff601490000 	C:\Program Files\Java\jdk-21\bin\java.exe
0x00007ffc2d810000 - 0x00007ffc2da27000 	C:\WINDOWS\SYSTEM32\ntdll.dll
0x00007ffc2c290000 - 0x00007ffc2c354000 	C:\WINDOWS\System32\KERNEL32.DLL
0x00007ffc2b0c0000 - 0x00007ffc2b492000 	C:\WINDOWS\System32\KERNELBASE.dll
0x00007ffc2afa0000 - 0x00007ffc2b0b1000 	C:\WINDOWS\System32\ucrtbase.dll
0x00007ffc0af30000 - 0x00007ffc0af4b000 	C:\Program Files\Java\jdk-21\bin\VCRUNTIME140.dll
0x00007ffc0c2e0000 - 0x00007ffc0c2f9000 	C:\Program Files\Java\jdk-21\bin\jli.dll
0x00007ffc2b610000 - 0x00007ffc2b6c1000 	C:\WINDOWS\System32\ADVAPI32.dll
0x00007ffc2b6d0000 - 0x00007ffc2b777000 	C:\WINDOWS\System32\msvcrt.dll
0x00007ffc2b780000 - 0x00007ffc2b828000 	C:\WINDOWS\System32\sechost.dll
0x00007ffc2aad0000 - 0x00007ffc2aaf8000 	C:\WINDOWS\System32\bcrypt.dll
0x00007ffc2bc80000 - 0x00007ffc2bd97000 	C:\WINDOWS\System32\RPCRT4.dll
0x00007ffc2d230000 - 0x00007ffc2d3e1000 	C:\WINDOWS\System32\USER32.dll
0x00007ffc168c0000 - 0x00007ffc16b5b000 	C:\WINDOWS\WinSxS\amd64_microsoft.windows.common-controls_6595b64144ccf1df_6.0.22621.5697_none_27154c497380d676\COMCTL32.dll
0x00007ffc2af70000 - 0x00007ffc2af96000 	C:\WINDOWS\System32\win32u.dll
0x00007ffc2d7a0000 - 0x00007ffc2d7c9000 	C:\WINDOWS\System32\GDI32.dll
0x00007ffc2a9a0000 - 0x00007ffc2aac3000 	C:\WINDOWS\System32\gdi32full.dll
0x00007ffc2a900000 - 0x00007ffc2a99a000 	C:\WINDOWS\System32\msvcp_win.dll
0x00007ffc1b060000 - 0x00007ffc1b06a000 	C:\WINDOWS\SYSTEM32\VERSION.dll
0x00007ffc2c240000 - 0x00007ffc2c271000 	C:\WINDOWS\System32\IMM32.DLL
0x00007ffc261f0000 - 0x00007ffc261fc000 	C:\Program Files\Java\jdk-21\bin\vcruntime140_1.dll
0x00007ffbc73c0000 - 0x00007ffbc744e000 	C:\Program Files\Java\jdk-21\bin\msvcp140.dll
0x00007ffb4f930000 - 0x00007ffb5063d000 	C:\Program Files\Java\jdk-21\bin\server\jvm.dll
0x00007ffc2c5d0000 - 0x00007ffc2c641000 	C:\WINDOWS\System32\WS2_32.dll
0x00007ffc2a7d0000 - 0x00007ffc2a81d000 	C:\WINDOWS\SYSTEM32\POWRPROF.dll
0x00007ffc23c90000 - 0x00007ffc23cc4000 	C:\WINDOWS\SYSTEM32\WINMM.dll
0x00007ffc2a7b0000 - 0x00007ffc2a7c3000 	C:\WINDOWS\SYSTEM32\UMPDC.dll
0x00007ffc298a0000 - 0x00007ffc298b8000 	C:\WINDOWS\SYSTEM32\kernel.appcore.dll
0x00007ffc24c70000 - 0x00007ffc24c7a000 	C:\Program Files\Java\jdk-21\bin\jimage.dll
0x00007ffc22fb0000 - 0x00007ffc231e3000 	C:\WINDOWS\SYSTEM32\DBGHELP.DLL
0x00007ffc2b840000 - 0x00007ffc2bbd2000 	C:\WINDOWS\System32\combase.dll
0x00007ffc2c470000 - 0x00007ffc2c548000 	C:\WINDOWS\System32\OLEAUT32.dll
0x00007ffc0a360000 - 0x00007ffc0a392000 	C:\WINDOWS\SYSTEM32\dbgcore.DLL
0x00007ffc2ad30000 - 0x00007ffc2adab000 	C:\WINDOWS\System32\bcryptPrimitives.dll
0x00007ffc0af10000 - 0x00007ffc0af2f000 	C:\Program Files\Java\jdk-21\bin\java.dll
0x00007ffc2c870000 - 0x00007ffc2d111000 	C:\WINDOWS\System32\SHELL32.dll
0x00007ffc2adb0000 - 0x00007ffc2aeef000 	C:\WINDOWS\System32\wintypes.dll
0x00007ffc28790000 - 0x00007ffc290aa000 	C:\WINDOWS\SYSTEM32\windows.storage.dll
0x00007ffc2c360000 - 0x00007ffc2c46b000 	C:\WINDOWS\System32\SHCORE.dll
0x00007ffc2d730000 - 0x00007ffc2d799000 	C:\WINDOWS\System32\shlwapi.dll
0x00007ffc2a830000 - 0x00007ffc2a85b000 	C:\WINDOWS\SYSTEM32\profapi.dll
0x00007ffb692d0000 - 0x00007ffb693a7000 	C:\Program Files\Java\jdk-21\bin\jsvml.dll
0x00007ffc11740000 - 0x00007ffc11750000 	C:\Program Files\Java\jdk-21\bin\net.dll
0x00007ffc223f0000 - 0x00007ffc2251c000 	C:\WINDOWS\SYSTEM32\WINHTTP.dll
0x00007ffc29d70000 - 0x00007ffc29dd9000 	C:\WINDOWS\system32\mswsock.dll
0x00007ffc0aef0000 - 0x00007ffc0af06000 	C:\Program Files\Java\jdk-21\bin\nio.dll
0x00007ffc0aed0000 - 0x00007ffc0aee8000 	C:\Program Files\Java\jdk-21\bin\zip.dll
0x00007ffbfc160000 - 0x00007ffbfc184000 	C:\Users\sammy\.m2\wrapper\dists\apache-maven-3.9.11\d6d3cbd4012d4c1d840e93277aca316c\lib\jansi-native\Windows\x86_64\jansi.dll
0x00007ffc10d50000 - 0x00007ffc10d60000 	C:\Program Files\Java\jdk-21\bin\verify.dll

dbghelp: loaded successfully - version: 4.0.5 - missing functions: none
symbol engine: initialized successfully - sym options: 0x614 - pdb path: .;C:\Program Files\Java\jdk-21\bin;C:\WINDOWS\SYSTEM32;C:\WINDOWS\WinSxS\amd64_microsoft.windows.common-controls_6595b64144ccf1df_6.0.22621.5697_none_27154c497380d676;C:\Program Files\Java\jdk-21\bin\server;C:\Users\sammy\.m2\wrapper\dists\apache-maven-3.9.11\d6d3cbd4012d4c1d840e93277aca316c\lib\jansi-native\Windows\x86_64

VM Arguments:
jvm_args: --enable-native-access=ALL-UNNAMED -Dclassworlds.conf=C:\Users\sammy\.m2\wrapper\dists\apache-maven-3.9.11\d6d3cbd4012d4c1d840e93277aca316c\bin\m2.conf -Dmaven.home=C:\Users\sammy\.m2\wrapper\dists\apache-maven-3.9.11\d6d3cbd4012d4c1d840e93277aca316c -Dlibrary.jansi.path=C:\Users\sammy\.m2\wrapper\dists\apache-maven-3.9.11\d6d3cbd4012d4c1d840e93277aca316c\lib\jansi-native -Dmaven.multiModuleProjectDirectory=C:\Spring Boot Projects\Trash2Cash 
java_command: org.codehaus.plexus.classworlds.launcher.Launcher spring-boot:run
java_class_path (initial): C:\Users\sammy\.m2\wrapper\dists\apache-maven-3.9.11\d6d3cbd4012d4c1d840e93277aca316c\boot\plexus-classworlds-2.9.0.jar
Launcher Type: SUN_STANDARD

[Global flags]
     intx CICompilerCount                          = 3                                         {product} {ergonomic}
     uint ConcGCThreads                            = 1                                         {product} {ergonomic}
     uint G1ConcRefinementThreads                  = 4                                         {product} {ergonomic}
   size_t G1HeapRegionSize                         = 1048576                                   {product} {ergonomic}
    uintx GCDrainStackTargetSize                   = 64                                        {product} {ergonomic}
   size_t InitialHeapSize                          = 130023424                                 {product} {ergonomic}
   size_t MarkStackSize                            = 4194304                                   {product} {ergonomic}
   size_t MaxHeapSize                              = 2080374784                                {product} {ergonomic}
   size_t MaxNewSize                               = 1247805440                                {product} {ergonomic}
   size_t MinHeapDeltaBytes                        = 1048576                                   {product} {ergonomic}
   size_t MinHeapSize                              = 8388608                                   {product} {ergonomic}
    uintx NonNMethodCodeHeapSize                   = 5832780                                {pd product} {ergonomic}
    uintx NonProfiledCodeHeapSize                  = 122912730                              {pd product} {ergonomic}
    uintx ProfiledCodeHeapSize                     = 122912730                              {pd product} {ergonomic}
    uintx ReservedCodeCacheSize                    = 251658240                              {pd product} {ergonomic}
     bool SegmentedCodeCache                       = true                                      {product} {ergonomic}
   size_t SoftMaxHeapSize                          = 2080374784                             {manageable} {ergonomic}
     bool UseCompressedOops                        = true                           {product lp64_product} {ergonomic}
     bool UseG1GC                                  = true                                      {product} {ergonomic}
     bool UseLargePagesIndividualAllocation        = false                                  {pd product} {ergonomic}

Logging:
Log output configuration:
 #0: stdout all=warning uptime,level,tags foldmultilines=false
 #1: stderr all=off uptime,level,tags foldmultilines=false

Environment Variables:
PATH=C:\Users\sammy\AppData\Local\Programs\Python\Python313\Scripts\;C:\Users\sammy\AppData\Local\Programs\Python\Python313\;C:\Program Files\Common Files\Oracle\Java\javapath;C:\Program Files (x86)\Common Files\Oracle\Java\java8path;C:\Program Files (x86)\Common Files\Oracle\Java\javapath;C:\Python311\Scripts\;C:\Python311\;C:\Python310\Scripts\;C:\Python310\;C:\Program Files\Python38\Scripts\;C:\Program Files\Python38\;C:\WINDOWS\system32;C:\WINDOWS;C:\WINDOWS\System32\Wbem;C:\WINDOWS\System32\WindowsPowerShell\v1.0\;C:\WINDOWS\System32\OpenSSH\;C:\ProgramData\chocolatey\bin;C:\mingw32\bin;C:\Program Files\mingw-w64\x86_64-8.1.0-posix-seh-rt_v6-rev0\mingw32\bin;C:\Android\platform-tools;%GRADLE_HOME%\bin;C:\Program Files\Cloudflare\Cloudflare WARP\;C:\Program Files\Git\cmd;C:\Program Files\Go\bin;C:\Users\sammy\OneDrive\Downloads\gradle-8.11-bin\gradle-8.11\bin;C:\Program Files\Docker\Docker\resources\bin;C:\poppler-24.08.0;C:\Program Files\Redis\;C:\Program Files\nvm;C:\Program Files\nvm\nodejs;C:\Program Files\nvm;C:\Program Files\nodejs;C:\Program Files\nodejs\;C:\Program Files\PostgreSQL\16\bin;C:\Users\sammy\AppData\Local\Microsoft\WindowsApps;C:\Users\sammy\AppData\Local\Programs\Microsoft VS Code\bin;C:\Users\sammy\Downloads\PyCharm Edu 2020.3.2\bin;C:\Users\sammy\AppData\Local\atom\bin;C:\Users\sammy\AppData\Local\GitHubDesktop\bin;C:\Users\sammy\AppData\Local\Microsoft\WindowsApps;C:\Program Files (x86)\mingw-w64\i686-8.1.0-posix-dwarf-rt_v6-rev0\ming64\bin;C:\Program Files\JetBrains\IntelliJ IDEA Community Edition 2024.1.1\bin;C:\Users\sammy\go\bin;C:\Program Files\heroku\bin;C:\Users\sammy\AppData\Roaming\npm;c:\users\sammy\appdata\roaming\python\python313\scripts;c:\users\sammy\.local\bin
USERNAME=sammy
OS=Windows_NT
PROCESSOR_IDENTIFIER=Intel64 Family 6 Model 126 Stepping 5, GenuineIntel
TMP=C:\Users\sammy\AppData\Local\Temp
TEMP=C:\Users\sammy\AppData\Local\Temp




Periodic native trim disabled

---------------  S Y S T E M  ---------------

OS:
 Windows 11 , 64 bit Build 22621 (10.0.22621.5415)
OS uptime: 0 days 8:16 hours
Hyper-V role detected

CPU: total 4 (initial active 4) (2 cores per cpu, 2 threads per core) family 6 model 126 stepping 5 microcode 0x86, cx8, cmov, fxsr, ht, mmx, 3dnowpref, sse, sse2, sse3, ssse3, sse4.1, sse4.2, popcnt, lzcnt, tsc, tscinvbit, avx, avx2, aes, erms, clmul, bmi1, bmi2, adx, avx512f, avx512dq, avx512cd, avx512bw, avx512vl, sha, fma, vzeroupper, avx512_vpopcntdq, avx512_vpclmulqdq, avx512_vaes, avx512_vnni, clflush, clflushopt, avx512_vbmi2, avx512_vbmi, hv, rdtscp, rdpid, fsrm, gfni, avx512_bitalg, f16c, avx512_ifma
Processor Information for all 4 processors :
  Max Mhz: 1190, Current Mhz: 1190, Mhz Limit: 1190

Memory: 4k page, system-wide physical 7934M (749M free)
TotalPageFile size 17200M (AvailPageFile size 4M)
current process WorkingSet (physical memory assigned to process): 180M, peak: 182M
current process commit charge ("private bytes"): 250M, peak: 253M

vm_info: Java HotSpot(TM) 64-Bit Server VM (21.0.3+7-LTS-152) for windows-amd64 JRE (21.0.3+7-LTS-152), built on 2024-03-11T17:42:26Z by "mach5one" with MS VC++ 17.6 (VS2022)

END.
